Building DAG of jobs...
Creating conda environment envs/java.yaml...
Downloading and installing remote packages.
Environment for envs/java.yaml created (location: ../../../../../home/cmkobel/assemblycomparator2/conda_base/6f463abd838ac12c844381dd3e652477)
Using shell: /usr/bin/bash
Provided cores: 1 (use --cores to define parallelism)
Rules claiming more threads will be scaled down.
Job stats:
job         count    min threads    max threads
--------  -------  -------------  -------------
all             1              1              1
database        1              1              1
total           2              1              1

Select jobs to execute...

[Sun Mar 20 01:06:11 2022]
rule database:
    input: /cluster/projects/nn9864k/shared/supacow/yannas_pilot_database/finaldb/cp_cow_genome.faa, /cluster/projects/nn9864k/shared/supacow/yannas_pilot_database/finaldb/cp_fungi.faa, /cluster/projects/nn9864k/shared/supacow/yannas_pilot_database/finaldb/edindb.faa, /cluster/projects/nn9864k/shared/supacow/yannas_pilot_database/finaldb/cp_ento.faa, /cluster/projects/nn9864k/shared/supacow/yannas_pilot_database/finaldb/allmags.faa
    output: output/200315_test/database.what
    jobid: 1
    wildcards: config_batch=200315_test
    resources: tmpdir=/tmp

Activating conda environment: /cluster/home/cmkobel/assemblycomparator2/conda_base/6f463abd838ac12c844381dd3e652477
[Sun Mar 20 01:06:12 2022]
Finished job 1.
1 of 2 steps (50%) done
Select jobs to execute...

[Sun Mar 20 01:06:12 2022]
localrule all:
    input: output/200315_test/database.what
    jobid: 0
    resources: tmpdir=/tmp

[Sun Mar 20 01:06:12 2022]
Finished job 0.
2 of 2 steps (100%) done
Complete log: /cluster/projects/nn9864k/cmkobel/01_proteinextest/MS_pipeline1/.snakemake/log/2022-03-20T010504.968624.snakemake.log
